find_header: checking for libxml/parser.h... -------------------- yes

"gcc -o conftest -I/home/dentalde/.rvm/rubies/ruby-1.9.3-p429/include/ruby-1.9.1/x86_64-linux -I/home/dentalde/.rvm/rubies/ruby-1.9.3-p429/include/ruby-1.9.1/ruby/backward -I/home/dentalde/.rvm/rubies/ruby-1.9.3-p429/include/ruby-1.9.1 -I. -I/opt/local/include/libxml2 -I/usr/local/include/libxml2 -I/home/dentalde/.rvm/rubies/ruby-1.9.3-p429/include/libxml2 -I/opt/local/include -I/usr/local/include -I/home/dentalde/.rvm/rubies/ruby-1.9.3-p429/include -I/usr/include -I/usr/include/libxml2     -O3 -ggdb -Wall -Wextra -Wno-unused-parameter -Wno-parentheses -Wno-long-long -Wno-missing-field-initializers -Wpointer-arith -Wwrite-strings -Wdeclaration-after-statement -Wimplicit-function-declaration  -fPIC  -g -DXP_UNIX -O3 -Wall -Wcast-qual -Wwrite-strings -Wconversion -Wmissing-noreturn -Winline conftest.c  -L. -L/home/dentalde/.rvm/rubies/ruby-1.9.3-p429/lib -Wl,-R/home/dentalde/.rvm/rubies/ruby-1.9.3-p429/lib -L/opt/local/lib -Wl,-R/opt/local/lib -L/usr/local/lib -Wl,-R/usr/local/lib -L/home/dentalde/.rvm/rubies/ruby-1.9.3-p429/lib -Wl,-R/home/dentalde/.rvm/rubies/ruby-1.9.3-p429/lib -L/usr/lib -Wl,-R/usr/lib -L.  -rdynamic -Wl,-export-dynamic     -Wl,-R -Wl,/home/dentalde/.rvm/rubies/ruby-1.9.3-p429/lib -L/home/dentalde/.rvm/rubies/ruby-1.9.3-p429/lib -lruby  -lpthread -lrt -ldl -lcrypt -lm   -lc "
conftest.c: In function ‘main’:
conftest.c:3: warning: unused parameter ‘argc’
conftest.c:3: warning: unused parameter ‘argv’
/usr/bin/ld: skipping incompatible /usr/lib/libpthread.so when searching for -lpthread
/usr/bin/ld: skipping incompatible /usr/lib/libpthread.a when searching for -lpthread
/usr/bin/ld: skipping incompatible /usr/lib/librt.so when searching for -lrt
/usr/bin/ld: skipping incompatible /usr/lib/librt.a when searching for -lrt
/usr/bin/ld: skipping incompatible /usr/lib/libdl.so when searching for -ldl
/usr/bin/ld: skipping incompatible /usr/lib/libdl.a when searching for -ldl
/usr/bin/ld: skipping incompatible /usr/lib/libcrypt.so when searching for -lcrypt
/usr/bin/ld: skipping incompatible /usr/lib/libcrypt.a when searching for -lcrypt
/usr/bin/ld: skipping incompatible /usr/lib/libm.so when searching for -lm
/usr/bin/ld: skipping incompatible /usr/lib/libm.a when searching for -lm
/usr/bin/ld: skipping incompatible /usr/lib/libc.so when searching for -lc
/usr/bin/ld: skipping incompatible /usr/lib/libc.a when searching for -lc
/usr/bin/ld: skipping incompatible /usr/lib/libc.so when searching for -lc
/usr/bin/ld: skipping incompatible /usr/lib/libc.a when searching for -lc
checked program was:
/* begin */
1: #include "ruby.h"
2: 
3: int main(int argc, char **argv)
4: {
5:   return 0;
6: }
/* end */

"gcc -E -I/home/dentalde/.rvm/rubies/ruby-1.9.3-p429/include/ruby-1.9.1/x86_64-linux -I/home/dentalde/.rvm/rubies/ruby-1.9.3-p429/include/ruby-1.9.1/ruby/backward -I/home/dentalde/.rvm/rubies/ruby-1.9.3-p429/include/ruby-1.9.1 -I. -I/opt/local/include/libxml2 -I/usr/local/include/libxml2 -I/home/dentalde/.rvm/rubies/ruby-1.9.3-p429/include/libxml2 -I/opt/local/include -I/usr/local/include -I/home/dentalde/.rvm/rubies/ruby-1.9.3-p429/include -I/usr/include -I/usr/include/libxml2     -O3 -ggdb -Wall -Wextra -Wno-unused-parameter -Wno-parentheses -Wno-long-long -Wno-missing-field-initializers -Wpointer-arith -Wwrite-strings -Wdeclaration-after-statement -Wimplicit-function-declaration  -fPIC  -g -DXP_UNIX -O3 -Wall -Wcast-qual -Wwrite-strings -Wconversion -Wmissing-noreturn -Winline  conftest.c -o conftest.i"
checked program was:
/* begin */
1: #include "ruby.h"
2: 
3: #include <libxml/parser.h>
/* end */

--------------------

find_header: checking for libxslt/xslt.h... -------------------- yes

"gcc -E -I/home/dentalde/.rvm/rubies/ruby-1.9.3-p429/include/ruby-1.9.1/x86_64-linux -I/home/dentalde/.rvm/rubies/ruby-1.9.3-p429/include/ruby-1.9.1/ruby/backward -I/home/dentalde/.rvm/rubies/ruby-1.9.3-p429/include/ruby-1.9.1 -I. -I/opt/local/include/libxml2 -I/usr/local/include/libxml2 -I/home/dentalde/.rvm/rubies/ruby-1.9.3-p429/include/libxml2 -I/opt/local/include -I/usr/local/include -I/home/dentalde/.rvm/rubies/ruby-1.9.3-p429/include -I/usr/include -I/usr/include/libxml2     -O3 -ggdb -Wall -Wextra -Wno-unused-parameter -Wno-parentheses -Wno-long-long -Wno-missing-field-initializers -Wpointer-arith -Wwrite-strings -Wdeclaration-after-statement -Wimplicit-function-declaration  -fPIC  -g -DXP_UNIX -O3 -Wall -Wcast-qual -Wwrite-strings -Wconversion -Wmissing-noreturn -Winline  conftest.c -o conftest.i"
checked program was:
/* begin */
1: #include "ruby.h"
2: 
3: #include <libxslt/xslt.h>
/* end */

--------------------

find_header: checking for libexslt/exslt.h... -------------------- yes

"gcc -E -I/home/dentalde/.rvm/rubies/ruby-1.9.3-p429/include/ruby-1.9.1/x86_64-linux -I/home/dentalde/.rvm/rubies/ruby-1.9.3-p429/include/ruby-1.9.1/ruby/backward -I/home/dentalde/.rvm/rubies/ruby-1.9.3-p429/include/ruby-1.9.1 -I. -I/opt/local/include/libxml2 -I/usr/local/include/libxml2 -I/home/dentalde/.rvm/rubies/ruby-1.9.3-p429/include/libxml2 -I/opt/local/include -I/usr/local/include -I/home/dentalde/.rvm/rubies/ruby-1.9.3-p429/include -I/usr/include -I/usr/include/libxml2     -O3 -ggdb -Wall -Wextra -Wno-unused-parameter -Wno-parentheses -Wno-long-long -Wno-missing-field-initializers -Wpointer-arith -Wwrite-strings -Wdeclaration-after-statement -Wimplicit-function-declaration  -fPIC  -g -DXP_UNIX -O3 -Wall -Wcast-qual -Wwrite-strings -Wconversion -Wmissing-noreturn -Winline  conftest.c -o conftest.i"
checked program was:
/* begin */
1: #include "ruby.h"
2: 
3: #include <libexslt/exslt.h>
/* end */

--------------------

have_func: checking for iconv_open() in iconv.h... -------------------- yes

"gcc -o conftest -I/home/dentalde/.rvm/rubies/ruby-1.9.3-p429/include/ruby-1.9.1/x86_64-linux -I/home/dentalde/.rvm/rubies/ruby-1.9.3-p429/include/ruby-1.9.1/ruby/backward -I/home/dentalde/.rvm/rubies/ruby-1.9.3-p429/include/ruby-1.9.1 -I. -I/opt/local/include/libxml2 -I/usr/local/include/libxml2 -I/home/dentalde/.rvm/rubies/ruby-1.9.3-p429/include/libxml2 -I/opt/local/include -I/usr/local/include -I/home/dentalde/.rvm/rubies/ruby-1.9.3-p429/include -I/usr/include -I/usr/include/libxml2     -O3 -ggdb -Wall -Wextra -Wno-unused-parameter -Wno-parentheses -Wno-long-long -Wno-missing-field-initializers -Wpointer-arith -Wwrite-strings -Wdeclaration-after-statement -Wimplicit-function-declaration  -fPIC  -g -DXP_UNIX -O3 -Wall -Wcast-qual -Wwrite-strings -Wconversion -Wmissing-noreturn -Winline conftest.c  -L. -L/home/dentalde/.rvm/rubies/ruby-1.9.3-p429/lib -Wl,-R/home/dentalde/.rvm/rubies/ruby-1.9.3-p429/lib -L/opt/local/lib -Wl,-R/opt/local/lib -L/usr/local/lib -Wl,-R/usr/local/lib -L/home/dentalde/.rvm/rubies/ruby-1.9.3-p429/lib -Wl,-R/home/dentalde/.rvm/rubies/ruby-1.9.3-p429/lib -L/usr/lib -Wl,-R/usr/lib -L.  -rdynamic -Wl,-export-dynamic     -Wl,-R -Wl,/home/dentalde/.rvm/rubies/ruby-1.9.3-p429/lib -L/home/dentalde/.rvm/rubies/ruby-1.9.3-p429/lib -lruby  -lpthread -lrt -ldl -lcrypt -lm   -lc "
conftest.c: In function ‘main’:
conftest.c:7: warning: unused parameter ‘argv’
/usr/bin/ld: skipping incompatible /usr/lib/libpthread.so when searching for -lpthread
/usr/bin/ld: skipping incompatible /usr/lib/libpthread.a when searching for -lpthread
/usr/bin/ld: skipping incompatible /usr/lib/librt.so when searching for -lrt
/usr/bin/ld: skipping incompatible /usr/lib/librt.a when searching for -lrt
/usr/bin/ld: skipping incompatible /usr/lib/libdl.so when searching for -ldl
/usr/bin/ld: skipping incompatible /usr/lib/libdl.a when searching for -ldl
/usr/bin/ld: skipping incompatible /usr/lib/libcrypt.so when searching for -lcrypt
/usr/bin/ld: skipping incompatible /usr/lib/libcrypt.a when searching for -lcrypt
/usr/bin/ld: skipping incompatible /usr/lib/libm.so when searching for -lm
/usr/bin/ld: skipping incompatible /usr/lib/libm.a when searching for -lm
/usr/bin/ld: skipping incompatible /usr/lib/libc.so when searching for -lc
/usr/bin/ld: skipping incompatible /usr/lib/libc.a when searching for -lc
/usr/bin/ld: skipping incompatible /usr/lib/libc.so when searching for -lc
/usr/bin/ld: skipping incompatible /usr/lib/libc.a when searching for -lc
checked program was:
/* begin */
 1: #include "ruby.h"
 2: 
 3: #include <iconv.h>
 4: 
 5: /*top*/
 6: int t() { void ((*volatile p)()); p = (void ((*)()))iconv_open; return 0; }
 7: int main(int argc, char **argv)
 8: {
 9:   if (argc > 1000000) {
10:     printf("%p", &t);
11:   }
12: 
13:   return 0;
14: }
/* end */

--------------------

find_library: checking for xmlParseDoc() in -lxml2... -------------------- yes

"gcc -o conftest -I/home/dentalde/.rvm/rubies/ruby-1.9.3-p429/include/ruby-1.9.1/x86_64-linux -I/home/dentalde/.rvm/rubies/ruby-1.9.3-p429/include/ruby-1.9.1/ruby/backward -I/home/dentalde/.rvm/rubies/ruby-1.9.3-p429/include/ruby-1.9.1 -I. -I/opt/local/include/libxml2 -I/usr/local/include/libxml2 -I/home/dentalde/.rvm/rubies/ruby-1.9.3-p429/include/libxml2 -I/opt/local/include -I/usr/local/include -I/home/dentalde/.rvm/rubies/ruby-1.9.3-p429/include -I/usr/include -I/usr/include/libxml2     -O3 -ggdb -Wall -Wextra -Wno-unused-parameter -Wno-parentheses -Wno-long-long -Wno-missing-field-initializers -Wpointer-arith -Wwrite-strings -Wdeclaration-after-statement -Wimplicit-function-declaration  -fPIC  -g -DXP_UNIX -O3 -Wall -Wcast-qual -Wwrite-strings -Wconversion -Wmissing-noreturn -Winline conftest.c  -L. -L/home/dentalde/.rvm/rubies/ruby-1.9.3-p429/lib -Wl,-R/home/dentalde/.rvm/rubies/ruby-1.9.3-p429/lib -L/opt/local/lib -Wl,-R/opt/local/lib -L/usr/local/lib -Wl,-R/usr/local/lib -L/home/dentalde/.rvm/rubies/ruby-1.9.3-p429/lib -Wl,-R/home/dentalde/.rvm/rubies/ruby-1.9.3-p429/lib -L/usr/lib -Wl,-R/usr/lib -L.  -rdynamic -Wl,-export-dynamic     -Wl,-R -Wl,/home/dentalde/.rvm/rubies/ruby-1.9.3-p429/lib -L/home/dentalde/.rvm/rubies/ruby-1.9.3-p429/lib -lruby -lxml2  -lpthread -lrt -ldl -lcrypt -lm   -lc "
conftest.c: In function ‘t’:
conftest.c:4: error: ‘xmlParseDoc’ undeclared (first use in this function)
conftest.c:4: error: (Each undeclared identifier is reported only once
conftest.c:4: error: for each function it appears in.)
conftest.c: In function ‘main’:
conftest.c:5: warning: unused parameter ‘argv’
checked program was:
/* begin */
 1: #include "ruby.h"
 2: 
 3: /*top*/
 4: int t() { void ((*volatile p)()); p = (void ((*)()))xmlParseDoc; return 0; }
 5: int main(int argc, char **argv)
 6: {
 7:   if (argc > 1000000) {
 8:     printf("%p", &t);
 9:   }
10: 
11:   return 0;
12: }
/* end */

"gcc -o conftest -I/home/dentalde/.rvm/rubies/ruby-1.9.3-p429/include/ruby-1.9.1/x86_64-linux -I/home/dentalde/.rvm/rubies/ruby-1.9.3-p429/include/ruby-1.9.1/ruby/backward -I/home/dentalde/.rvm/rubies/ruby-1.9.3-p429/include/ruby-1.9.1 -I. -I/opt/local/include/libxml2 -I/usr/local/include/libxml2 -I/home/dentalde/.rvm/rubies/ruby-1.9.3-p429/include/libxml2 -I/opt/local/include -I/usr/local/include -I/home/dentalde/.rvm/rubies/ruby-1.9.3-p429/include -I/usr/include -I/usr/include/libxml2     -O3 -ggdb -Wall -Wextra -Wno-unused-parameter -Wno-parentheses -Wno-long-long -Wno-missing-field-initializers -Wpointer-arith -Wwrite-strings -Wdeclaration-after-statement -Wimplicit-function-declaration  -fPIC  -g -DXP_UNIX -O3 -Wall -Wcast-qual -Wwrite-strings -Wconversion -Wmissing-noreturn -Winline conftest.c  -L. -L/home/dentalde/.rvm/rubies/ruby-1.9.3-p429/lib -Wl,-R/home/dentalde/.rvm/rubies/ruby-1.9.3-p429/lib -L/opt/local/lib -Wl,-R/opt/local/lib -L/usr/local/lib -Wl,-R/usr/local/lib -L/home/dentalde/.rvm/rubies/ruby-1.9.3-p429/lib -Wl,-R/home/dentalde/.rvm/rubies/ruby-1.9.3-p429/lib -L/usr/lib -Wl,-R/usr/lib -L.  -rdynamic -Wl,-export-dynamic     -Wl,-R -Wl,/home/dentalde/.rvm/rubies/ruby-1.9.3-p429/lib -L/home/dentalde/.rvm/rubies/ruby-1.9.3-p429/lib -lruby -lxml2  -lpthread -lrt -ldl -lcrypt -lm   -lc "
conftest.c: In function ‘t’:
conftest.c:4: warning: implicit declaration of function ‘xmlParseDoc’
conftest.c: In function ‘main’:
conftest.c:5: warning: unused parameter ‘argv’
/usr/bin/ld: skipping incompatible /usr/lib/libxml2.so when searching for -lxml2
/usr/bin/ld: skipping incompatible /usr/lib/libxml2.a when searching for -lxml2
/usr/bin/ld: skipping incompatible /usr/lib/libpthread.so when searching for -lpthread
/usr/bin/ld: skipping incompatible /usr/lib/libpthread.a when searching for -lpthread
/usr/bin/ld: skipping incompatible /usr/lib/librt.so when searching for -lrt
/usr/bin/ld: skipping incompatible /usr/lib/librt.a when searching for -lrt
/usr/bin/ld: skipping incompatible /usr/lib/libdl.so when searching for -ldl
/usr/bin/ld: skipping incompatible /usr/lib/libdl.a when searching for -ldl
/usr/bin/ld: skipping incompatible /usr/lib/libcrypt.so when searching for -lcrypt
/usr/bin/ld: skipping incompatible /usr/lib/libcrypt.a when searching for -lcrypt
/usr/bin/ld: skipping incompatible /usr/lib/libm.so when searching for -lm
/usr/bin/ld: skipping incompatible /usr/lib/libm.a when searching for -lm
/usr/bin/ld: skipping incompatible /usr/lib/libc.so when searching for -lc
/usr/bin/ld: skipping incompatible /usr/lib/libc.a when searching for -lc
/usr/bin/ld: skipping incompatible /usr/lib/libc.so when searching for -lc
/usr/bin/ld: skipping incompatible /usr/lib/libc.a when searching for -lc
checked program was:
/* begin */
 1: #include "ruby.h"
 2: 
 3: /*top*/
 4: int t() { xmlParseDoc(); return 0; }
 5: int main(int argc, char **argv)
 6: {
 7:   if (argc > 1000000) {
 8:     printf("%p", &t);
 9:   }
10: 
11:   return 0;
12: }
/* end */

--------------------

find_library: checking for xsltParseStylesheetDoc() in -lxslt... -------------------- yes

"gcc -o conftest -I/home/dentalde/.rvm/rubies/ruby-1.9.3-p429/include/ruby-1.9.1/x86_64-linux -I/home/dentalde/.rvm/rubies/ruby-1.9.3-p429/include/ruby-1.9.1/ruby/backward -I/home/dentalde/.rvm/rubies/ruby-1.9.3-p429/include/ruby-1.9.1 -I. -I/opt/local/include/libxml2 -I/usr/local/include/libxml2 -I/home/dentalde/.rvm/rubies/ruby-1.9.3-p429/include/libxml2 -I/opt/local/include -I/usr/local/include -I/home/dentalde/.rvm/rubies/ruby-1.9.3-p429/include -I/usr/include -I/usr/include/libxml2     -O3 -ggdb -Wall -Wextra -Wno-unused-parameter -Wno-parentheses -Wno-long-long -Wno-missing-field-initializers -Wpointer-arith -Wwrite-strings -Wdeclaration-after-statement -Wimplicit-function-declaration  -fPIC  -g -DXP_UNIX -O3 -Wall -Wcast-qual -Wwrite-strings -Wconversion -Wmissing-noreturn -Winline conftest.c  -L. -L/home/dentalde/.rvm/rubies/ruby-1.9.3-p429/lib -Wl,-R/home/dentalde/.rvm/rubies/ruby-1.9.3-p429/lib -L/opt/local/lib -Wl,-R/opt/local/lib -L/usr/local/lib -Wl,-R/usr/local/lib -L/home/dentalde/.rvm/rubies/ruby-1.9.3-p429/lib -Wl,-R/home/dentalde/.rvm/rubies/ruby-1.9.3-p429/lib -L/usr/lib -Wl,-R/usr/lib -L.  -rdynamic -Wl,-export-dynamic    -lxml2  -Wl,-R -Wl,/home/dentalde/.rvm/rubies/ruby-1.9.3-p429/lib -L/home/dentalde/.rvm/rubies/ruby-1.9.3-p429/lib -lruby -lxslt -lxml2  -lpthread -lrt -ldl -lcrypt -lm   -lc "
conftest.c: In function ‘t’:
conftest.c:4: error: ‘xsltParseStylesheetDoc’ undeclared (first use in this function)
conftest.c:4: error: (Each undeclared identifier is reported only once
conftest.c:4: error: for each function it appears in.)
conftest.c: In function ‘main’:
conftest.c:5: warning: unused parameter ‘argv’
checked program was:
/* begin */
 1: #include "ruby.h"
 2: 
 3: /*top*/
 4: int t() { void ((*volatile p)()); p = (void ((*)()))xsltParseStylesheetDoc; return 0; }
 5: int main(int argc, char **argv)
 6: {
 7:   if (argc > 1000000) {
 8:     printf("%p", &t);
 9:   }
10: 
11:   return 0;
12: }
/* end */

"gcc -o conftest -I/home/dentalde/.rvm/rubies/ruby-1.9.3-p429/include/ruby-1.9.1/x86_64-linux -I/home/dentalde/.rvm/rubies/ruby-1.9.3-p429/include/ruby-1.9.1/ruby/backward -I/home/dentalde/.rvm/rubies/ruby-1.9.3-p429/include/ruby-1.9.1 -I. -I/opt/local/include/libxml2 -I/usr/local/include/libxml2 -I/home/dentalde/.rvm/rubies/ruby-1.9.3-p429/include/libxml2 -I/opt/local/include -I/usr/local/include -I/home/dentalde/.rvm/rubies/ruby-1.9.3-p429/include -I/usr/include -I/usr/include/libxml2     -O3 -ggdb -Wall -Wextra -Wno-unused-parameter -Wno-parentheses -Wno-long-long -Wno-missing-field-initializers -Wpointer-arith -Wwrite-strings -Wdeclaration-after-statement -Wimplicit-function-declaration  -fPIC  -g -DXP_UNIX -O3 -Wall -Wcast-qual -Wwrite-strings -Wconversion -Wmissing-noreturn -Winline conftest.c  -L. -L/home/dentalde/.rvm/rubies/ruby-1.9.3-p429/lib -Wl,-R/home/dentalde/.rvm/rubies/ruby-1.9.3-p429/lib -L/opt/local/lib -Wl,-R/opt/local/lib -L/usr/local/lib -Wl,-R/usr/local/lib -L/home/dentalde/.rvm/rubies/ruby-1.9.3-p429/lib -Wl,-R/home/dentalde/.rvm/rubies/ruby-1.9.3-p429/lib -L/usr/lib -Wl,-R/usr/lib -L.  -rdynamic -Wl,-export-dynamic    -lxml2  -Wl,-R -Wl,/home/dentalde/.rvm/rubies/ruby-1.9.3-p429/lib -L/home/dentalde/.rvm/rubies/ruby-1.9.3-p429/lib -lruby -lxslt -lxml2  -lpthread -lrt -ldl -lcrypt -lm   -lc "
conftest.c: In function ‘t’:
conftest.c:4: warning: implicit declaration of function ‘xsltParseStylesheetDoc’
conftest.c: In function ‘main’:
conftest.c:5: warning: unused parameter ‘argv’
/usr/bin/ld: skipping incompatible /usr/lib/libxml2.so when searching for -lxml2
/usr/bin/ld: skipping incompatible /usr/lib/libxml2.a when searching for -lxml2
/usr/bin/ld: skipping incompatible /usr/lib/libxml2.so when searching for -lxml2
/usr/bin/ld: skipping incompatible /usr/lib/libxml2.a when searching for -lxml2
/usr/bin/ld: skipping incompatible /usr/lib/libpthread.so when searching for -lpthread
/usr/bin/ld: skipping incompatible /usr/lib/libpthread.a when searching for -lpthread
/usr/bin/ld: skipping incompatible /usr/lib/librt.so when searching for -lrt
/usr/bin/ld: skipping incompatible /usr/lib/librt.a when searching for -lrt
/usr/bin/ld: skipping incompatible /usr/lib/libdl.so when searching for -ldl
/usr/bin/ld: skipping incompatible /usr/lib/libdl.a when searching for -ldl
/usr/bin/ld: skipping incompatible /usr/lib/libcrypt.so when searching for -lcrypt
/usr/bin/ld: skipping incompatible /usr/lib/libcrypt.a when searching for -lcrypt
/usr/bin/ld: skipping incompatible /usr/lib/libm.so when searching for -lm
/usr/bin/ld: skipping incompatible /usr/lib/libm.a when searching for -lm
/usr/bin/ld: skipping incompatible /usr/lib/libc.so when searching for -lc
/usr/bin/ld: skipping incompatible /usr/lib/libc.a when searching for -lc
/usr/bin/ld: skipping incompatible /usr/lib/libc.so when searching for -lc
/usr/bin/ld: skipping incompatible /usr/lib/libc.a when searching for -lc
checked program was:
/* begin */
 1: #include "ruby.h"
 2: 
 3: /*top*/
 4: int t() { xsltParseStylesheetDoc(); return 0; }
 5: int main(int argc, char **argv)
 6: {
 7:   if (argc > 1000000) {
 8:     printf("%p", &t);
 9:   }
10: 
11:   return 0;
12: }
/* end */

--------------------

find_library: checking for exsltFuncRegister() in -lexslt... -------------------- yes

"gcc -o conftest -I/home/dentalde/.rvm/rubies/ruby-1.9.3-p429/include/ruby-1.9.1/x86_64-linux -I/home/dentalde/.rvm/rubies/ruby-1.9.3-p429/include/ruby-1.9.1/ruby/backward -I/home/dentalde/.rvm/rubies/ruby-1.9.3-p429/include/ruby-1.9.1 -I. -I/opt/local/include/libxml2 -I/usr/local/include/libxml2 -I/home/dentalde/.rvm/rubies/ruby-1.9.3-p429/include/libxml2 -I/opt/local/include -I/usr/local/include -I/home/dentalde/.rvm/rubies/ruby-1.9.3-p429/include -I/usr/include -I/usr/include/libxml2     -O3 -ggdb -Wall -Wextra -Wno-unused-parameter -Wno-parentheses -Wno-long-long -Wno-missing-field-initializers -Wpointer-arith -Wwrite-strings -Wdeclaration-after-statement -Wimplicit-function-declaration  -fPIC  -g -DXP_UNIX -O3 -Wall -Wcast-qual -Wwrite-strings -Wconversion -Wmissing-noreturn -Winline conftest.c  -L. -L/home/dentalde/.rvm/rubies/ruby-1.9.3-p429/lib -Wl,-R/home/dentalde/.rvm/rubies/ruby-1.9.3-p429/lib -L/opt/local/lib -Wl,-R/opt/local/lib -L/usr/local/lib -Wl,-R/usr/local/lib -L/home/dentalde/.rvm/rubies/ruby-1.9.3-p429/lib -Wl,-R/home/dentalde/.rvm/rubies/ruby-1.9.3-p429/lib -L/usr/lib -Wl,-R/usr/lib -L.  -rdynamic -Wl,-export-dynamic    -lxslt -lxml2  -Wl,-R -Wl,/home/dentalde/.rvm/rubies/ruby-1.9.3-p429/lib -L/home/dentalde/.rvm/rubies/ruby-1.9.3-p429/lib -lruby -lexslt -lxslt -lxml2  -lpthread -lrt -ldl -lcrypt -lm   -lc "
conftest.c: In function ‘t’:
conftest.c:4: error: ‘exsltFuncRegister’ undeclared (first use in this function)
conftest.c:4: error: (Each undeclared identifier is reported only once
conftest.c:4: error: for each function it appears in.)
conftest.c: In function ‘main’:
conftest.c:5: warning: unused parameter ‘argv’
checked program was:
/* begin */
 1: #include "ruby.h"
 2: 
 3: /*top*/
 4: int t() { void ((*volatile p)()); p = (void ((*)()))exsltFuncRegister; return 0; }
 5: int main(int argc, char **argv)
 6: {
 7:   if (argc > 1000000) {
 8:     printf("%p", &t);
 9:   }
10: 
11:   return 0;
12: }
/* end */

"gcc -o conftest -I/home/dentalde/.rvm/rubies/ruby-1.9.3-p429/include/ruby-1.9.1/x86_64-linux -I/home/dentalde/.rvm/rubies/ruby-1.9.3-p429/include/ruby-1.9.1/ruby/backward -I/home/dentalde/.rvm/rubies/ruby-1.9.3-p429/include/ruby-1.9.1 -I. -I/opt/local/include/libxml2 -I/usr/local/include/libxml2 -I/home/dentalde/.rvm/rubies/ruby-1.9.3-p429/include/libxml2 -I/opt/local/include -I/usr/local/include -I/home/dentalde/.rvm/rubies/ruby-1.9.3-p429/include -I/usr/include -I/usr/include/libxml2     -O3 -ggdb -Wall -Wextra -Wno-unused-parameter -Wno-parentheses -Wno-long-long -Wno-missing-field-initializers -Wpointer-arith -Wwrite-strings -Wdeclaration-after-statement -Wimplicit-function-declaration  -fPIC  -g -DXP_UNIX -O3 -Wall -Wcast-qual -Wwrite-strings -Wconversion -Wmissing-noreturn -Winline conftest.c  -L. -L/home/dentalde/.rvm/rubies/ruby-1.9.3-p429/lib -Wl,-R/home/dentalde/.rvm/rubies/ruby-1.9.3-p429/lib -L/opt/local/lib -Wl,-R/opt/local/lib -L/usr/local/lib -Wl,-R/usr/local/lib -L/home/dentalde/.rvm/rubies/ruby-1.9.3-p429/lib -Wl,-R/home/dentalde/.rvm/rubies/ruby-1.9.3-p429/lib -L/usr/lib -Wl,-R/usr/lib -L.  -rdynamic -Wl,-export-dynamic    -lxslt -lxml2  -Wl,-R -Wl,/home/dentalde/.rvm/rubies/ruby-1.9.3-p429/lib -L/home/dentalde/.rvm/rubies/ruby-1.9.3-p429/lib -lruby -lexslt -lxslt -lxml2  -lpthread -lrt -ldl -lcrypt -lm   -lc "
conftest.c: In function ‘t’:
conftest.c:4: warning: implicit declaration of function ‘exsltFuncRegister’
conftest.c: In function ‘main’:
conftest.c:5: warning: unused parameter ‘argv’
/usr/bin/ld: skipping incompatible /usr/lib/libxml2.so when searching for -lxml2
/usr/bin/ld: skipping incompatible /usr/lib/libxml2.a when searching for -lxml2
/usr/bin/ld: skipping incompatible /usr/lib/libxml2.so when searching for -lxml2
/usr/bin/ld: skipping incompatible /usr/lib/libxml2.a when searching for -lxml2
/usr/bin/ld: skipping incompatible /usr/lib/libpthread.so when searching for -lpthread
/usr/bin/ld: skipping incompatible /usr/lib/libpthread.a when searching for -lpthread
/usr/bin/ld: skipping incompatible /usr/lib/librt.so when searching for -lrt
/usr/bin/ld: skipping incompatible /usr/lib/librt.a when searching for -lrt
/usr/bin/ld: skipping incompatible /usr/lib/libdl.so when searching for -ldl
/usr/bin/ld: skipping incompatible /usr/lib/libdl.a when searching for -ldl
/usr/bin/ld: skipping incompatible /usr/lib/libcrypt.so when searching for -lcrypt
/usr/bin/ld: skipping incompatible /usr/lib/libcrypt.a when searching for -lcrypt
/usr/bin/ld: skipping incompatible /usr/lib/libm.so when searching for -lm
/usr/bin/ld: skipping incompatible /usr/lib/libm.a when searching for -lm
/usr/bin/ld: skipping incompatible /usr/lib/libc.so when searching for -lc
/usr/bin/ld: skipping incompatible /usr/lib/libc.a when searching for -lc
/usr/bin/ld: skipping incompatible /usr/lib/libc.so when searching for -lc
/usr/bin/ld: skipping incompatible /usr/lib/libc.a when searching for -lc
checked program was:
/* begin */
 1: #include "ruby.h"
 2: 
 3: /*top*/
 4: int t() { exsltFuncRegister(); return 0; }
 5: int main(int argc, char **argv)
 6: {
 7:   if (argc > 1000000) {
 8:     printf("%p", &t);
 9:   }
10: 
11:   return 0;
12: }
/* end */

--------------------

have_func: checking for xmlHasFeature()... -------------------- yes

"gcc -o conftest -I/home/dentalde/.rvm/rubies/ruby-1.9.3-p429/include/ruby-1.9.1/x86_64-linux -I/home/dentalde/.rvm/rubies/ruby-1.9.3-p429/include/ruby-1.9.1/ruby/backward -I/home/dentalde/.rvm/rubies/ruby-1.9.3-p429/include/ruby-1.9.1 -I. -I/opt/local/include/libxml2 -I/usr/local/include/libxml2 -I/home/dentalde/.rvm/rubies/ruby-1.9.3-p429/include/libxml2 -I/opt/local/include -I/usr/local/include -I/home/dentalde/.rvm/rubies/ruby-1.9.3-p429/include -I/usr/include -I/usr/include/libxml2     -O3 -ggdb -Wall -Wextra -Wno-unused-parameter -Wno-parentheses -Wno-long-long -Wno-missing-field-initializers -Wpointer-arith -Wwrite-strings -Wdeclaration-after-statement -Wimplicit-function-declaration  -fPIC  -g -DXP_UNIX -O3 -Wall -Wcast-qual -Wwrite-strings -Wconversion -Wmissing-noreturn -Winline conftest.c  -L. -L/home/dentalde/.rvm/rubies/ruby-1.9.3-p429/lib -Wl,-R/home/dentalde/.rvm/rubies/ruby-1.9.3-p429/lib -L/opt/local/lib -Wl,-R/opt/local/lib -L/usr/local/lib -Wl,-R/usr/local/lib -L/home/dentalde/.rvm/rubies/ruby-1.9.3-p429/lib -Wl,-R/home/dentalde/.rvm/rubies/ruby-1.9.3-p429/lib -L/usr/lib -Wl,-R/usr/lib -L.  -rdynamic -Wl,-export-dynamic    -lexslt -lxslt -lxml2  -Wl,-R -Wl,/home/dentalde/.rvm/rubies/ruby-1.9.3-p429/lib -L/home/dentalde/.rvm/rubies/ruby-1.9.3-p429/lib -lruby -lexslt -lxslt -lxml2  -lpthread -lrt -ldl -lcrypt -lm   -lc "
conftest.c: In function ‘t’:
conftest.c:4: error: ‘xmlHasFeature’ undeclared (first use in this function)
conftest.c:4: error: (Each undeclared identifier is reported only once
conftest.c:4: error: for each function it appears in.)
conftest.c: In function ‘main’:
conftest.c:5: warning: unused parameter ‘argv’
checked program was:
/* begin */
 1: #include "ruby.h"
 2: 
 3: /*top*/
 4: int t() { void ((*volatile p)()); p = (void ((*)()))xmlHasFeature; return 0; }
 5: int main(int argc, char **argv)
 6: {
 7:   if (argc > 1000000) {
 8:     printf("%p", &t);
 9:   }
10: 
11:   return 0;
12: }
/* end */

"gcc -o conftest -I/home/dentalde/.rvm/rubies/ruby-1.9.3-p429/include/ruby-1.9.1/x86_64-linux -I/home/dentalde/.rvm/rubies/ruby-1.9.3-p429/include/ruby-1.9.1/ruby/backward -I/home/dentalde/.rvm/rubies/ruby-1.9.3-p429/include/ruby-1.9.1 -I. -I/opt/local/include/libxml2 -I/usr/local/include/libxml2 -I/home/dentalde/.rvm/rubies/ruby-1.9.3-p429/include/libxml2 -I/opt/local/include -I/usr/local/include -I/home/dentalde/.rvm/rubies/ruby-1.9.3-p429/include -I/usr/include -I/usr/include/libxml2     -O3 -ggdb -Wall -Wextra -Wno-unused-parameter -Wno-parentheses -Wno-long-long -Wno-missing-field-initializers -Wpointer-arith -Wwrite-strings -Wdeclaration-after-statement -Wimplicit-function-declaration  -fPIC  -g -DXP_UNIX -O3 -Wall -Wcast-qual -Wwrite-strings -Wconversion -Wmissing-noreturn -Winline conftest.c  -L. -L/home/dentalde/.rvm/rubies/ruby-1.9.3-p429/lib -Wl,-R/home/dentalde/.rvm/rubies/ruby-1.9.3-p429/lib -L/opt/local/lib -Wl,-R/opt/local/lib -L/usr/local/lib -Wl,-R/usr/local/lib -L/home/dentalde/.rvm/rubies/ruby-1.9.3-p429/lib -Wl,-R/home/dentalde/.rvm/rubies/ruby-1.9.3-p429/lib -L/usr/lib -Wl,-R/usr/lib -L.  -rdynamic -Wl,-export-dynamic    -lexslt -lxslt -lxml2  -Wl,-R -Wl,/home/dentalde/.rvm/rubies/ruby-1.9.3-p429/lib -L/home/dentalde/.rvm/rubies/ruby-1.9.3-p429/lib -lruby -lexslt -lxslt -lxml2  -lpthread -lrt -ldl -lcrypt -lm   -lc "
conftest.c: In function ‘t’:
conftest.c:4: warning: implicit declaration of function ‘xmlHasFeature’
conftest.c: In function ‘main’:
conftest.c:5: warning: unused parameter ‘argv’
/usr/bin/ld: skipping incompatible /usr/lib/libxml2.so when searching for -lxml2
/usr/bin/ld: skipping incompatible /usr/lib/libxml2.a when searching for -lxml2
/usr/bin/ld: skipping incompatible /usr/lib/libxml2.so when searching for -lxml2
/usr/bin/ld: skipping incompatible /usr/lib/libxml2.a when searching for -lxml2
/usr/bin/ld: skipping incompatible /usr/lib/libpthread.so when searching for -lpthread
/usr/bin/ld: skipping incompatible /usr/lib/libpthread.a when searching for -lpthread
/usr/bin/ld: skipping incompatible /usr/lib/librt.so when searching for -lrt
/usr/bin/ld: skipping incompatible /usr/lib/librt.a when searching for -lrt
/usr/bin/ld: skipping incompatible /usr/lib/libdl.so when searching for -ldl
/usr/bin/ld: skipping incompatible /usr/lib/libdl.a when searching for -ldl
/usr/bin/ld: skipping incompatible /usr/lib/libcrypt.so when searching for -lcrypt
/usr/bin/ld: skipping incompatible /usr/lib/libcrypt.a when searching for -lcrypt
/usr/bin/ld: skipping incompatible /usr/lib/libm.so when searching for -lm
/usr/bin/ld: skipping incompatible /usr/lib/libm.a when searching for -lm
/usr/bin/ld: skipping incompatible /usr/lib/libc.so when searching for -lc
/usr/bin/ld: skipping incompatible /usr/lib/libc.a when searching for -lc
/usr/bin/ld: skipping incompatible /usr/lib/libc.so when searching for -lc
/usr/bin/ld: skipping incompatible /usr/lib/libc.a when searching for -lc
checked program was:
/* begin */
 1: #include "ruby.h"
 2: 
 3: /*top*/
 4: int t() { xmlHasFeature(); return 0; }
 5: int main(int argc, char **argv)
 6: {
 7:   if (argc > 1000000) {
 8:     printf("%p", &t);
 9:   }
10: 
11:   return 0;
12: }
/* end */

--------------------

have_func: checking for xmlFirstElementChild()... -------------------- no

"gcc -o conftest -I/home/dentalde/.rvm/rubies/ruby-1.9.3-p429/include/ruby-1.9.1/x86_64-linux -I/home/dentalde/.rvm/rubies/ruby-1.9.3-p429/include/ruby-1.9.1/ruby/backward -I/home/dentalde/.rvm/rubies/ruby-1.9.3-p429/include/ruby-1.9.1 -I. -I/opt/local/include/libxml2 -I/usr/local/include/libxml2 -I/home/dentalde/.rvm/rubies/ruby-1.9.3-p429/include/libxml2 -I/opt/local/include -I/usr/local/include -I/home/dentalde/.rvm/rubies/ruby-1.9.3-p429/include -I/usr/include -I/usr/include/libxml2     -O3 -ggdb -Wall -Wextra -Wno-unused-parameter -Wno-parentheses -Wno-long-long -Wno-missing-field-initializers -Wpointer-arith -Wwrite-strings -Wdeclaration-after-statement -Wimplicit-function-declaration  -fPIC  -g -DXP_UNIX -O3 -Wall -Wcast-qual -Wwrite-strings -Wconversion -Wmissing-noreturn -Winline conftest.c  -L. -L/home/dentalde/.rvm/rubies/ruby-1.9.3-p429/lib -Wl,-R/home/dentalde/.rvm/rubies/ruby-1.9.3-p429/lib -L/opt/local/lib -Wl,-R/opt/local/lib -L/usr/local/lib -Wl,-R/usr/local/lib -L/home/dentalde/.rvm/rubies/ruby-1.9.3-p429/lib -Wl,-R/home/dentalde/.rvm/rubies/ruby-1.9.3-p429/lib -L/usr/lib -Wl,-R/usr/lib -L.  -rdynamic -Wl,-export-dynamic    -lexslt -lxslt -lxml2  -Wl,-R -Wl,/home/dentalde/.rvm/rubies/ruby-1.9.3-p429/lib -L/home/dentalde/.rvm/rubies/ruby-1.9.3-p429/lib -lruby -lexslt -lxslt -lxml2  -lpthread -lrt -ldl -lcrypt -lm   -lc "
conftest.c: In function ‘t’:
conftest.c:4: error: ‘xmlFirstElementChild’ undeclared (first use in this function)
conftest.c:4: error: (Each undeclared identifier is reported only once
conftest.c:4: error: for each function it appears in.)
conftest.c: In function ‘main’:
conftest.c:5: warning: unused parameter ‘argv’
checked program was:
/* begin */
 1: #include "ruby.h"
 2: 
 3: /*top*/
 4: int t() { void ((*volatile p)()); p = (void ((*)()))xmlFirstElementChild; return 0; }
 5: int main(int argc, char **argv)
 6: {
 7:   if (argc > 1000000) {
 8:     printf("%p", &t);
 9:   }
10: 
11:   return 0;
12: }
/* end */

"gcc -o conftest -I/home/dentalde/.rvm/rubies/ruby-1.9.3-p429/include/ruby-1.9.1/x86_64-linux -I/home/dentalde/.rvm/rubies/ruby-1.9.3-p429/include/ruby-1.9.1/ruby/backward -I/home/dentalde/.rvm/rubies/ruby-1.9.3-p429/include/ruby-1.9.1 -I. -I/opt/local/include/libxml2 -I/usr/local/include/libxml2 -I/home/dentalde/.rvm/rubies/ruby-1.9.3-p429/include/libxml2 -I/opt/local/include -I/usr/local/include -I/home/dentalde/.rvm/rubies/ruby-1.9.3-p429/include -I/usr/include -I/usr/include/libxml2     -O3 -ggdb -Wall -Wextra -Wno-unused-parameter -Wno-parentheses -Wno-long-long -Wno-missing-field-initializers -Wpointer-arith -Wwrite-strings -Wdeclaration-after-statement -Wimplicit-function-declaration  -fPIC  -g -DXP_UNIX -O3 -Wall -Wcast-qual -Wwrite-strings -Wconversion -Wmissing-noreturn -Winline conftest.c  -L. -L/home/dentalde/.rvm/rubies/ruby-1.9.3-p429/lib -Wl,-R/home/dentalde/.rvm/rubies/ruby-1.9.3-p429/lib -L/opt/local/lib -Wl,-R/opt/local/lib -L/usr/local/lib -Wl,-R/usr/local/lib -L/home/dentalde/.rvm/rubies/ruby-1.9.3-p429/lib -Wl,-R/home/dentalde/.rvm/rubies/ruby-1.9.3-p429/lib -L/usr/lib -Wl,-R/usr/lib -L.  -rdynamic -Wl,-export-dynamic    -lexslt -lxslt -lxml2  -Wl,-R -Wl,/home/dentalde/.rvm/rubies/ruby-1.9.3-p429/lib -L/home/dentalde/.rvm/rubies/ruby-1.9.3-p429/lib -lruby -lexslt -lxslt -lxml2  -lpthread -lrt -ldl -lcrypt -lm   -lc "
conftest.c: In function ‘t’:
conftest.c:4: warning: implicit declaration of function ‘xmlFirstElementChild’
conftest.c: In function ‘main’:
conftest.c:5: warning: unused parameter ‘argv’
/usr/bin/ld: skipping incompatible /usr/lib/libxml2.so when searching for -lxml2
/usr/bin/ld: skipping incompatible /usr/lib/libxml2.a when searching for -lxml2
/usr/bin/ld: skipping incompatible /usr/lib/libxml2.so when searching for -lxml2
/usr/bin/ld: skipping incompatible /usr/lib/libxml2.a when searching for -lxml2
/usr/bin/ld: skipping incompatible /usr/lib/libpthread.so when searching for -lpthread
/usr/bin/ld: skipping incompatible /usr/lib/libpthread.a when searching for -lpthread
/usr/bin/ld: skipping incompatible /usr/lib/librt.so when searching for -lrt
/usr/bin/ld: skipping incompatible /usr/lib/librt.a when searching for -lrt
/usr/bin/ld: skipping incompatible /usr/lib/libdl.so when searching for -ldl
/usr/bin/ld: skipping incompatible /usr/lib/libdl.a when searching for -ldl
/usr/bin/ld: skipping incompatible /usr/lib/libcrypt.so when searching for -lcrypt
/usr/bin/ld: skipping incompatible /usr/lib/libcrypt.a when searching for -lcrypt
/usr/bin/ld: skipping incompatible /usr/lib/libm.so when searching for -lm
/usr/bin/ld: skipping incompatible /usr/lib/libm.a when searching for -lm
/usr/bin/ld: skipping incompatible /usr/lib/libc.so when searching for -lc
/usr/bin/ld: skipping incompatible /usr/lib/libc.a when searching for -lc
/usr/bin/ld: skipping incompatible /usr/lib/libc.so when searching for -lc
/usr/bin/ld: skipping incompatible /usr/lib/libc.a when searching for -lc
/tmp/ccMWvall.o: In function `t':
/home/dentalde/adm_copy/ADM/vendor/bundle/ruby/1.9.1/gems/nokogiri-1.5.2/ext/nokogiri/conftest.c:4: undefined reference to `xmlFirstElementChild'
collect2: ld returned 1 exit status
checked program was:
/* begin */
 1: #include "ruby.h"
 2: 
 3: /*top*/
 4: int t() { xmlFirstElementChild(); return 0; }
 5: int main(int argc, char **argv)
 6: {
 7:   if (argc > 1000000) {
 8:     printf("%p", &t);
 9:   }
10: 
11:   return 0;
12: }
/* end */

--------------------

have_func: checking for xmlRelaxNGSetParserStructuredErrors()... -------------------- yes

"gcc -o conftest -I/home/dentalde/.rvm/rubies/ruby-1.9.3-p429/include/ruby-1.9.1/x86_64-linux -I/home/dentalde/.rvm/rubies/ruby-1.9.3-p429/include/ruby-1.9.1/ruby/backward -I/home/dentalde/.rvm/rubies/ruby-1.9.3-p429/include/ruby-1.9.1 -I. -I/opt/local/include/libxml2 -I/usr/local/include/libxml2 -I/home/dentalde/.rvm/rubies/ruby-1.9.3-p429/include/libxml2 -I/opt/local/include -I/usr/local/include -I/home/dentalde/.rvm/rubies/ruby-1.9.3-p429/include -I/usr/include -I/usr/include/libxml2     -O3 -ggdb -Wall -Wextra -Wno-unused-parameter -Wno-parentheses -Wno-long-long -Wno-missing-field-initializers -Wpointer-arith -Wwrite-strings -Wdeclaration-after-statement -Wimplicit-function-declaration  -fPIC  -g -DXP_UNIX -O3 -Wall -Wcast-qual -Wwrite-strings -Wconversion -Wmissing-noreturn -Winline conftest.c  -L. -L/home/dentalde/.rvm/rubies/ruby-1.9.3-p429/lib -Wl,-R/home/dentalde/.rvm/rubies/ruby-1.9.3-p429/lib -L/opt/local/lib -Wl,-R/opt/local/lib -L/usr/local/lib -Wl,-R/usr/local/lib -L/home/dentalde/.rvm/rubies/ruby-1.9.3-p429/lib -Wl,-R/home/dentalde/.rvm/rubies/ruby-1.9.3-p429/lib -L/usr/lib -Wl,-R/usr/lib -L.  -rdynamic -Wl,-export-dynamic    -lexslt -lxslt -lxml2  -Wl,-R -Wl,/home/dentalde/.rvm/rubies/ruby-1.9.3-p429/lib -L/home/dentalde/.rvm/rubies/ruby-1.9.3-p429/lib -lruby -lexslt -lxslt -lxml2  -lpthread -lrt -ldl -lcrypt -lm   -lc "
conftest.c: In function ‘t’:
conftest.c:4: error: ‘xmlRelaxNGSetParserStructuredErrors’ undeclared (first use in this function)
conftest.c:4: error: (Each undeclared identifier is reported only once
conftest.c:4: error: for each function it appears in.)
conftest.c: In function ‘main’:
conftest.c:5: warning: unused parameter ‘argv’
checked program was:
/* begin */
 1: #include "ruby.h"
 2: 
 3: /*top*/
 4: int t() { void ((*volatile p)()); p = (void ((*)()))xmlRelaxNGSetParserStructuredErrors; return 0; }
 5: int main(int argc, char **argv)
 6: {
 7:   if (argc > 1000000) {
 8:     printf("%p", &t);
 9:   }
10: 
11:   return 0;
12: }
/* end */

"gcc -o conftest -I/home/dentalde/.rvm/rubies/ruby-1.9.3-p429/include/ruby-1.9.1/x86_64-linux -I/home/dentalde/.rvm/rubies/ruby-1.9.3-p429/include/ruby-1.9.1/ruby/backward -I/home/dentalde/.rvm/rubies/ruby-1.9.3-p429/include/ruby-1.9.1 -I. -I/opt/local/include/libxml2 -I/usr/local/include/libxml2 -I/home/dentalde/.rvm/rubies/ruby-1.9.3-p429/include/libxml2 -I/opt/local/include -I/usr/local/include -I/home/dentalde/.rvm/rubies/ruby-1.9.3-p429/include -I/usr/include -I/usr/include/libxml2     -O3 -ggdb -Wall -Wextra -Wno-unused-parameter -Wno-parentheses -Wno-long-long -Wno-missing-field-initializers -Wpointer-arith -Wwrite-strings -Wdeclaration-after-statement -Wimplicit-function-declaration  -fPIC  -g -DXP_UNIX -O3 -Wall -Wcast-qual -Wwrite-strings -Wconversion -Wmissing-noreturn -Winline conftest.c  -L. -L/home/dentalde/.rvm/rubies/ruby-1.9.3-p429/lib -Wl,-R/home/dentalde/.rvm/rubies/ruby-1.9.3-p429/lib -L/opt/local/lib -Wl,-R/opt/local/lib -L/usr/local/lib -Wl,-R/usr/local/lib -L/home/dentalde/.rvm/rubies/ruby-1.9.3-p429/lib -Wl,-R/home/dentalde/.rvm/rubies/ruby-1.9.3-p429/lib -L/usr/lib -Wl,-R/usr/lib -L.  -rdynamic -Wl,-export-dynamic    -lexslt -lxslt -lxml2  -Wl,-R -Wl,/home/dentalde/.rvm/rubies/ruby-1.9.3-p429/lib -L/home/dentalde/.rvm/rubies/ruby-1.9.3-p429/lib -lruby -lexslt -lxslt -lxml2  -lpthread -lrt -ldl -lcrypt -lm   -lc "
conftest.c: In function ‘t’:
conftest.c:4: warning: implicit declaration of function ‘xmlRelaxNGSetParserStructuredErrors’
conftest.c: In function ‘main’:
conftest.c:5: warning: unused parameter ‘argv’
/usr/bin/ld: skipping incompatible /usr/lib/libxml2.so when searching for -lxml2
/usr/bin/ld: skipping incompatible /usr/lib/libxml2.a when searching for -lxml2
/usr/bin/ld: skipping incompatible /usr/lib/libxml2.so when searching for -lxml2
/usr/bin/ld: skipping incompatible /usr/lib/libxml2.a when searching for -lxml2
/usr/bin/ld: skipping incompatible /usr/lib/libpthread.so when searching for -lpthread
/usr/bin/ld: skipping incompatible /usr/lib/libpthread.a when searching for -lpthread
/usr/bin/ld: skipping incompatible /usr/lib/librt.so when searching for -lrt
/usr/bin/ld: skipping incompatible /usr/lib/librt.a when searching for -lrt
/usr/bin/ld: skipping incompatible /usr/lib/libdl.so when searching for -ldl
/usr/bin/ld: skipping incompatible /usr/lib/libdl.a when searching for -ldl
/usr/bin/ld: skipping incompatible /usr/lib/libcrypt.so when searching for -lcrypt
/usr/bin/ld: skipping incompatible /usr/lib/libcrypt.a when searching for -lcrypt
/usr/bin/ld: skipping incompatible /usr/lib/libm.so when searching for -lm
/usr/bin/ld: skipping incompatible /usr/lib/libm.a when searching for -lm
/usr/bin/ld: skipping incompatible /usr/lib/libc.so when searching for -lc
/usr/bin/ld: skipping incompatible /usr/lib/libc.a when searching for -lc
/usr/bin/ld: skipping incompatible /usr/lib/libc.so when searching for -lc
/usr/bin/ld: skipping incompatible /usr/lib/libc.a when searching for -lc
checked program was:
/* begin */
 1: #include "ruby.h"
 2: 
 3: /*top*/
 4: int t() { xmlRelaxNGSetParserStructuredErrors(); return 0; }
 5: int main(int argc, char **argv)
 6: {
 7:   if (argc > 1000000) {
 8:     printf("%p", &t);
 9:   }
10: 
11:   return 0;
12: }
/* end */

--------------------

have_func: checking for xmlRelaxNGSetParserStructuredErrors()... -------------------- yes

"gcc -o conftest -I/home/dentalde/.rvm/rubies/ruby-1.9.3-p429/include/ruby-1.9.1/x86_64-linux -I/home/dentalde/.rvm/rubies/ruby-1.9.3-p429/include/ruby-1.9.1/ruby/backward -I/home/dentalde/.rvm/rubies/ruby-1.9.3-p429/include/ruby-1.9.1 -I. -I/opt/local/include/libxml2 -I/usr/local/include/libxml2 -I/home/dentalde/.rvm/rubies/ruby-1.9.3-p429/include/libxml2 -I/opt/local/include -I/usr/local/include -I/home/dentalde/.rvm/rubies/ruby-1.9.3-p429/include -I/usr/include -I/usr/include/libxml2     -O3 -ggdb -Wall -Wextra -Wno-unused-parameter -Wno-parentheses -Wno-long-long -Wno-missing-field-initializers -Wpointer-arith -Wwrite-strings -Wdeclaration-after-statement -Wimplicit-function-declaration  -fPIC  -g -DXP_UNIX -O3 -Wall -Wcast-qual -Wwrite-strings -Wconversion -Wmissing-noreturn -Winline conftest.c  -L. -L/home/dentalde/.rvm/rubies/ruby-1.9.3-p429/lib -Wl,-R/home/dentalde/.rvm/rubies/ruby-1.9.3-p429/lib -L/opt/local/lib -Wl,-R/opt/local/lib -L/usr/local/lib -Wl,-R/usr/local/lib -L/home/dentalde/.rvm/rubies/ruby-1.9.3-p429/lib -Wl,-R/home/dentalde/.rvm/rubies/ruby-1.9.3-p429/lib -L/usr/lib -Wl,-R/usr/lib -L.  -rdynamic -Wl,-export-dynamic    -lexslt -lxslt -lxml2  -Wl,-R -Wl,/home/dentalde/.rvm/rubies/ruby-1.9.3-p429/lib -L/home/dentalde/.rvm/rubies/ruby-1.9.3-p429/lib -lruby -lexslt -lxslt -lxml2  -lpthread -lrt -ldl -lcrypt -lm   -lc "
conftest.c: In function ‘t’:
conftest.c:4: error: ‘xmlRelaxNGSetParserStructuredErrors’ undeclared (first use in this function)
conftest.c:4: error: (Each undeclared identifier is reported only once
conftest.c:4: error: for each function it appears in.)
conftest.c: In function ‘main’:
conftest.c:5: warning: unused parameter ‘argv’
checked program was:
/* begin */
 1: #include "ruby.h"
 2: 
 3: /*top*/
 4: int t() { void ((*volatile p)()); p = (void ((*)()))xmlRelaxNGSetParserStructuredErrors; return 0; }
 5: int main(int argc, char **argv)
 6: {
 7:   if (argc > 1000000) {
 8:     printf("%p", &t);
 9:   }
10: 
11:   return 0;
12: }
/* end */

"gcc -o conftest -I/home/dentalde/.rvm/rubies/ruby-1.9.3-p429/include/ruby-1.9.1/x86_64-linux -I/home/dentalde/.rvm/rubies/ruby-1.9.3-p429/include/ruby-1.9.1/ruby/backward -I/home/dentalde/.rvm/rubies/ruby-1.9.3-p429/include/ruby-1.9.1 -I. -I/opt/local/include/libxml2 -I/usr/local/include/libxml2 -I/home/dentalde/.rvm/rubies/ruby-1.9.3-p429/include/libxml2 -I/opt/local/include -I/usr/local/include -I/home/dentalde/.rvm/rubies/ruby-1.9.3-p429/include -I/usr/include -I/usr/include/libxml2     -O3 -ggdb -Wall -Wextra -Wno-unused-parameter -Wno-parentheses -Wno-long-long -Wno-missing-field-initializers -Wpointer-arith -Wwrite-strings -Wdeclaration-after-statement -Wimplicit-function-declaration  -fPIC  -g -DXP_UNIX -O3 -Wall -Wcast-qual -Wwrite-strings -Wconversion -Wmissing-noreturn -Winline conftest.c  -L. -L/home/dentalde/.rvm/rubies/ruby-1.9.3-p429/lib -Wl,-R/home/dentalde/.rvm/rubies/ruby-1.9.3-p429/lib -L/opt/local/lib -Wl,-R/opt/local/lib -L/usr/local/lib -Wl,-R/usr/local/lib -L/home/dentalde/.rvm/rubies/ruby-1.9.3-p429/lib -Wl,-R/home/dentalde/.rvm/rubies/ruby-1.9.3-p429/lib -L/usr/lib -Wl,-R/usr/lib -L.  -rdynamic -Wl,-export-dynamic    -lexslt -lxslt -lxml2  -Wl,-R -Wl,/home/dentalde/.rvm/rubies/ruby-1.9.3-p429/lib -L/home/dentalde/.rvm/rubies/ruby-1.9.3-p429/lib -lruby -lexslt -lxslt -lxml2  -lpthread -lrt -ldl -lcrypt -lm   -lc "
conftest.c: In function ‘t’:
conftest.c:4: warning: implicit declaration of function ‘xmlRelaxNGSetParserStructuredErrors’
conftest.c: In function ‘main’:
conftest.c:5: warning: unused parameter ‘argv’
/usr/bin/ld: skipping incompatible /usr/lib/libxml2.so when searching for -lxml2
/usr/bin/ld: skipping incompatible /usr/lib/libxml2.a when searching for -lxml2
/usr/bin/ld: skipping incompatible /usr/lib/libxml2.so when searching for -lxml2
/usr/bin/ld: skipping incompatible /usr/lib/libxml2.a when searching for -lxml2
/usr/bin/ld: skipping incompatible /usr/lib/libpthread.so when searching for -lpthread
/usr/bin/ld: skipping incompatible /usr/lib/libpthread.a when searching for -lpthread
/usr/bin/ld: skipping incompatible /usr/lib/librt.so when searching for -lrt
/usr/bin/ld: skipping incompatible /usr/lib/librt.a when searching for -lrt
/usr/bin/ld: skipping incompatible /usr/lib/libdl.so when searching for -ldl
/usr/bin/ld: skipping incompatible /usr/lib/libdl.a when searching for -ldl
/usr/bin/ld: skipping incompatible /usr/lib/libcrypt.so when searching for -lcrypt
/usr/bin/ld: skipping incompatible /usr/lib/libcrypt.a when searching for -lcrypt
/usr/bin/ld: skipping incompatible /usr/lib/libm.so when searching for -lm
/usr/bin/ld: skipping incompatible /usr/lib/libm.a when searching for -lm
/usr/bin/ld: skipping incompatible /usr/lib/libc.so when searching for -lc
/usr/bin/ld: skipping incompatible /usr/lib/libc.a when searching for -lc
/usr/bin/ld: skipping incompatible /usr/lib/libc.so when searching for -lc
/usr/bin/ld: skipping incompatible /usr/lib/libc.a when searching for -lc
checked program was:
/* begin */
 1: #include "ruby.h"
 2: 
 3: /*top*/
 4: int t() { xmlRelaxNGSetParserStructuredErrors(); return 0; }
 5: int main(int argc, char **argv)
 6: {
 7:   if (argc > 1000000) {
 8:     printf("%p", &t);
 9:   }
10: 
11:   return 0;
12: }
/* end */

--------------------

have_func: checking for xmlRelaxNGSetValidStructuredErrors()... -------------------- yes

"gcc -o conftest -I/home/dentalde/.rvm/rubies/ruby-1.9.3-p429/include/ruby-1.9.1/x86_64-linux -I/home/dentalde/.rvm/rubies/ruby-1.9.3-p429/include/ruby-1.9.1/ruby/backward -I/home/dentalde/.rvm/rubies/ruby-1.9.3-p429/include/ruby-1.9.1 -I. -I/opt/local/include/libxml2 -I/usr/local/include/libxml2 -I/home/dentalde/.rvm/rubies/ruby-1.9.3-p429/include/libxml2 -I/opt/local/include -I/usr/local/include -I/home/dentalde/.rvm/rubies/ruby-1.9.3-p429/include -I/usr/include -I/usr/include/libxml2     -O3 -ggdb -Wall -Wextra -Wno-unused-parameter -Wno-parentheses -Wno-long-long -Wno-missing-field-initializers -Wpointer-arith -Wwrite-strings -Wdeclaration-after-statement -Wimplicit-function-declaration  -fPIC  -g -DXP_UNIX -O3 -Wall -Wcast-qual -Wwrite-strings -Wconversion -Wmissing-noreturn -Winline conftest.c  -L. -L/home/dentalde/.rvm/rubies/ruby-1.9.3-p429/lib -Wl,-R/home/dentalde/.rvm/rubies/ruby-1.9.3-p429/lib -L/opt/local/lib -Wl,-R/opt/local/lib -L/usr/local/lib -Wl,-R/usr/local/lib -L/home/dentalde/.rvm/rubies/ruby-1.9.3-p429/lib -Wl,-R/home/dentalde/.rvm/rubies/ruby-1.9.3-p429/lib -L/usr/lib -Wl,-R/usr/lib -L.  -rdynamic -Wl,-export-dynamic    -lexslt -lxslt -lxml2  -Wl,-R -Wl,/home/dentalde/.rvm/rubies/ruby-1.9.3-p429/lib -L/home/dentalde/.rvm/rubies/ruby-1.9.3-p429/lib -lruby -lexslt -lxslt -lxml2  -lpthread -lrt -ldl -lcrypt -lm   -lc "
conftest.c: In function ‘t’:
conftest.c:4: error: ‘xmlRelaxNGSetValidStructuredErrors’ undeclared (first use in this function)
conftest.c:4: error: (Each undeclared identifier is reported only once
conftest.c:4: error: for each function it appears in.)
conftest.c: In function ‘main’:
conftest.c:5: warning: unused parameter ‘argv’
checked program was:
/* begin */
 1: #include "ruby.h"
 2: 
 3: /*top*/
 4: int t() { void ((*volatile p)()); p = (void ((*)()))xmlRelaxNGSetValidStructuredErrors; return 0; }
 5: int main(int argc, char **argv)
 6: {
 7:   if (argc > 1000000) {
 8:     printf("%p", &t);
 9:   }
10: 
11:   return 0;
12: }
/* end */

"gcc -o conftest -I/home/dentalde/.rvm/rubies/ruby-1.9.3-p429/include/ruby-1.9.1/x86_64-linux -I/home/dentalde/.rvm/rubies/ruby-1.9.3-p429/include/ruby-1.9.1/ruby/backward -I/home/dentalde/.rvm/rubies/ruby-1.9.3-p429/include/ruby-1.9.1 -I. -I/opt/local/include/libxml2 -I/usr/local/include/libxml2 -I/home/dentalde/.rvm/rubies/ruby-1.9.3-p429/include/libxml2 -I/opt/local/include -I/usr/local/include -I/home/dentalde/.rvm/rubies/ruby-1.9.3-p429/include -I/usr/include -I/usr/include/libxml2     -O3 -ggdb -Wall -Wextra -Wno-unused-parameter -Wno-parentheses -Wno-long-long -Wno-missing-field-initializers -Wpointer-arith -Wwrite-strings -Wdeclaration-after-statement -Wimplicit-function-declaration  -fPIC  -g -DXP_UNIX -O3 -Wall -Wcast-qual -Wwrite-strings -Wconversion -Wmissing-noreturn -Winline conftest.c  -L. -L/home/dentalde/.rvm/rubies/ruby-1.9.3-p429/lib -Wl,-R/home/dentalde/.rvm/rubies/ruby-1.9.3-p429/lib -L/opt/local/lib -Wl,-R/opt/local/lib -L/usr/local/lib -Wl,-R/usr/local/lib -L/home/dentalde/.rvm/rubies/ruby-1.9.3-p429/lib -Wl,-R/home/dentalde/.rvm/rubies/ruby-1.9.3-p429/lib -L/usr/lib -Wl,-R/usr/lib -L.  -rdynamic -Wl,-export-dynamic    -lexslt -lxslt -lxml2  -Wl,-R -Wl,/home/dentalde/.rvm/rubies/ruby-1.9.3-p429/lib -L/home/dentalde/.rvm/rubies/ruby-1.9.3-p429/lib -lruby -lexslt -lxslt -lxml2  -lpthread -lrt -ldl -lcrypt -lm   -lc "
conftest.c: In function ‘t’:
conftest.c:4: warning: implicit declaration of function ‘xmlRelaxNGSetValidStructuredErrors’
conftest.c: In function ‘main’:
conftest.c:5: warning: unused parameter ‘argv’
/usr/bin/ld: skipping incompatible /usr/lib/libxml2.so when searching for -lxml2
/usr/bin/ld: skipping incompatible /usr/lib/libxml2.a when searching for -lxml2
/usr/bin/ld: skipping incompatible /usr/lib/libxml2.so when searching for -lxml2
/usr/bin/ld: skipping incompatible /usr/lib/libxml2.a when searching for -lxml2
/usr/bin/ld: skipping incompatible /usr/lib/libpthread.so when searching for -lpthread
/usr/bin/ld: skipping incompatible /usr/lib/libpthread.a when searching for -lpthread
/usr/bin/ld: skipping incompatible /usr/lib/librt.so when searching for -lrt
/usr/bin/ld: skipping incompatible /usr/lib/librt.a when searching for -lrt
/usr/bin/ld: skipping incompatible /usr/lib/libdl.so when searching for -ldl
/usr/bin/ld: skipping incompatible /usr/lib/libdl.a when searching for -ldl
/usr/bin/ld: skipping incompatible /usr/lib/libcrypt.so when searching for -lcrypt
/usr/bin/ld: skipping incompatible /usr/lib/libcrypt.a when searching for -lcrypt
/usr/bin/ld: skipping incompatible /usr/lib/libm.so when searching for -lm
/usr/bin/ld: skipping incompatible /usr/lib/libm.a when searching for -lm
/usr/bin/ld: skipping incompatible /usr/lib/libc.so when searching for -lc
/usr/bin/ld: skipping incompatible /usr/lib/libc.a when searching for -lc
/usr/bin/ld: skipping incompatible /usr/lib/libc.so when searching for -lc
/usr/bin/ld: skipping incompatible /usr/lib/libc.a when searching for -lc
checked program was:
/* begin */
 1: #include "ruby.h"
 2: 
 3: /*top*/
 4: int t() { xmlRelaxNGSetValidStructuredErrors(); return 0; }
 5: int main(int argc, char **argv)
 6: {
 7:   if (argc > 1000000) {
 8:     printf("%p", &t);
 9:   }
10: 
11:   return 0;
12: }
/* end */

--------------------

have_func: checking for xmlSchemaSetValidStructuredErrors()... -------------------- yes

"gcc -o conftest -I/home/dentalde/.rvm/rubies/ruby-1.9.3-p429/include/ruby-1.9.1/x86_64-linux -I/home/dentalde/.rvm/rubies/ruby-1.9.3-p429/include/ruby-1.9.1/ruby/backward -I/home/dentalde/.rvm/rubies/ruby-1.9.3-p429/include/ruby-1.9.1 -I. -I/opt/local/include/libxml2 -I/usr/local/include/libxml2 -I/home/dentalde/.rvm/rubies/ruby-1.9.3-p429/include/libxml2 -I/opt/local/include -I/usr/local/include -I/home/dentalde/.rvm/rubies/ruby-1.9.3-p429/include -I/usr/include -I/usr/include/libxml2     -O3 -ggdb -Wall -Wextra -Wno-unused-parameter -Wno-parentheses -Wno-long-long -Wno-missing-field-initializers -Wpointer-arith -Wwrite-strings -Wdeclaration-after-statement -Wimplicit-function-declaration  -fPIC  -g -DXP_UNIX -O3 -Wall -Wcast-qual -Wwrite-strings -Wconversion -Wmissing-noreturn -Winline conftest.c  -L. -L/home/dentalde/.rvm/rubies/ruby-1.9.3-p429/lib -Wl,-R/home/dentalde/.rvm/rubies/ruby-1.9.3-p429/lib -L/opt/local/lib -Wl,-R/opt/local/lib -L/usr/local/lib -Wl,-R/usr/local/lib -L/home/dentalde/.rvm/rubies/ruby-1.9.3-p429/lib -Wl,-R/home/dentalde/.rvm/rubies/ruby-1.9.3-p429/lib -L/usr/lib -Wl,-R/usr/lib -L.  -rdynamic -Wl,-export-dynamic    -lexslt -lxslt -lxml2  -Wl,-R -Wl,/home/dentalde/.rvm/rubies/ruby-1.9.3-p429/lib -L/home/dentalde/.rvm/rubies/ruby-1.9.3-p429/lib -lruby -lexslt -lxslt -lxml2  -lpthread -lrt -ldl -lcrypt -lm   -lc "
conftest.c: In function ‘t’:
conftest.c:4: error: ‘xmlSchemaSetValidStructuredErrors’ undeclared (first use in this function)
conftest.c:4: error: (Each undeclared identifier is reported only once
conftest.c:4: error: for each function it appears in.)
conftest.c: In function ‘main’:
conftest.c:5: warning: unused parameter ‘argv’
checked program was:
/* begin */
 1: #include "ruby.h"
 2: 
 3: /*top*/
 4: int t() { void ((*volatile p)()); p = (void ((*)()))xmlSchemaSetValidStructuredErrors; return 0; }
 5: int main(int argc, char **argv)
 6: {
 7:   if (argc > 1000000) {
 8:     printf("%p", &t);
 9:   }
10: 
11:   return 0;
12: }
/* end */

"gcc -o conftest -I/home/dentalde/.rvm/rubies/ruby-1.9.3-p429/include/ruby-1.9.1/x86_64-linux -I/home/dentalde/.rvm/rubies/ruby-1.9.3-p429/include/ruby-1.9.1/ruby/backward -I/home/dentalde/.rvm/rubies/ruby-1.9.3-p429/include/ruby-1.9.1 -I. -I/opt/local/include/libxml2 -I/usr/local/include/libxml2 -I/home/dentalde/.rvm/rubies/ruby-1.9.3-p429/include/libxml2 -I/opt/local/include -I/usr/local/include -I/home/dentalde/.rvm/rubies/ruby-1.9.3-p429/include -I/usr/include -I/usr/include/libxml2     -O3 -ggdb -Wall -Wextra -Wno-unused-parameter -Wno-parentheses -Wno-long-long -Wno-missing-field-initializers -Wpointer-arith -Wwrite-strings -Wdeclaration-after-statement -Wimplicit-function-declaration  -fPIC  -g -DXP_UNIX -O3 -Wall -Wcast-qual -Wwrite-strings -Wconversion -Wmissing-noreturn -Winline conftest.c  -L. -L/home/dentalde/.rvm/rubies/ruby-1.9.3-p429/lib -Wl,-R/home/dentalde/.rvm/rubies/ruby-1.9.3-p429/lib -L/opt/local/lib -Wl,-R/opt/local/lib -L/usr/local/lib -Wl,-R/usr/local/lib -L/home/dentalde/.rvm/rubies/ruby-1.9.3-p429/lib -Wl,-R/home/dentalde/.rvm/rubies/ruby-1.9.3-p429/lib -L/usr/lib -Wl,-R/usr/lib -L.  -rdynamic -Wl,-export-dynamic    -lexslt -lxslt -lxml2  -Wl,-R -Wl,/home/dentalde/.rvm/rubies/ruby-1.9.3-p429/lib -L/home/dentalde/.rvm/rubies/ruby-1.9.3-p429/lib -lruby -lexslt -lxslt -lxml2  -lpthread -lrt -ldl -lcrypt -lm   -lc "
conftest.c: In function ‘t’:
conftest.c:4: warning: implicit declaration of function ‘xmlSchemaSetValidStructuredErrors’
conftest.c: In function ‘main’:
conftest.c:5: warning: unused parameter ‘argv’
/usr/bin/ld: skipping incompatible /usr/lib/libxml2.so when searching for -lxml2
/usr/bin/ld: skipping incompatible /usr/lib/libxml2.a when searching for -lxml2
/usr/bin/ld: skipping incompatible /usr/lib/libxml2.so when searching for -lxml2
/usr/bin/ld: skipping incompatible /usr/lib/libxml2.a when searching for -lxml2
/usr/bin/ld: skipping incompatible /usr/lib/libpthread.so when searching for -lpthread
/usr/bin/ld: skipping incompatible /usr/lib/libpthread.a when searching for -lpthread
/usr/bin/ld: skipping incompatible /usr/lib/librt.so when searching for -lrt
/usr/bin/ld: skipping incompatible /usr/lib/librt.a when searching for -lrt
/usr/bin/ld: skipping incompatible /usr/lib/libdl.so when searching for -ldl
/usr/bin/ld: skipping incompatible /usr/lib/libdl.a when searching for -ldl
/usr/bin/ld: skipping incompatible /usr/lib/libcrypt.so when searching for -lcrypt
/usr/bin/ld: skipping incompatible /usr/lib/libcrypt.a when searching for -lcrypt
/usr/bin/ld: skipping incompatible /usr/lib/libm.so when searching for -lm
/usr/bin/ld: skipping incompatible /usr/lib/libm.a when searching for -lm
/usr/bin/ld: skipping incompatible /usr/lib/libc.so when searching for -lc
/usr/bin/ld: skipping incompatible /usr/lib/libc.a when searching for -lc
/usr/bin/ld: skipping incompatible /usr/lib/libc.so when searching for -lc
/usr/bin/ld: skipping incompatible /usr/lib/libc.a when searching for -lc
checked program was:
/* begin */
 1: #include "ruby.h"
 2: 
 3: /*top*/
 4: int t() { xmlSchemaSetValidStructuredErrors(); return 0; }
 5: int main(int argc, char **argv)
 6: {
 7:   if (argc > 1000000) {
 8:     printf("%p", &t);
 9:   }
10: 
11:   return 0;
12: }
/* end */

--------------------

have_func: checking for xmlSchemaSetParserStructuredErrors()... -------------------- yes

"gcc -o conftest -I/home/dentalde/.rvm/rubies/ruby-1.9.3-p429/include/ruby-1.9.1/x86_64-linux -I/home/dentalde/.rvm/rubies/ruby-1.9.3-p429/include/ruby-1.9.1/ruby/backward -I/home/dentalde/.rvm/rubies/ruby-1.9.3-p429/include/ruby-1.9.1 -I. -I/opt/local/include/libxml2 -I/usr/local/include/libxml2 -I/home/dentalde/.rvm/rubies/ruby-1.9.3-p429/include/libxml2 -I/opt/local/include -I/usr/local/include -I/home/dentalde/.rvm/rubies/ruby-1.9.3-p429/include -I/usr/include -I/usr/include/libxml2     -O3 -ggdb -Wall -Wextra -Wno-unused-parameter -Wno-parentheses -Wno-long-long -Wno-missing-field-initializers -Wpointer-arith -Wwrite-strings -Wdeclaration-after-statement -Wimplicit-function-declaration  -fPIC  -g -DXP_UNIX -O3 -Wall -Wcast-qual -Wwrite-strings -Wconversion -Wmissing-noreturn -Winline conftest.c  -L. -L/home/dentalde/.rvm/rubies/ruby-1.9.3-p429/lib -Wl,-R/home/dentalde/.rvm/rubies/ruby-1.9.3-p429/lib -L/opt/local/lib -Wl,-R/opt/local/lib -L/usr/local/lib -Wl,-R/usr/local/lib -L/home/dentalde/.rvm/rubies/ruby-1.9.3-p429/lib -Wl,-R/home/dentalde/.rvm/rubies/ruby-1.9.3-p429/lib -L/usr/lib -Wl,-R/usr/lib -L.  -rdynamic -Wl,-export-dynamic    -lexslt -lxslt -lxml2  -Wl,-R -Wl,/home/dentalde/.rvm/rubies/ruby-1.9.3-p429/lib -L/home/dentalde/.rvm/rubies/ruby-1.9.3-p429/lib -lruby -lexslt -lxslt -lxml2  -lpthread -lrt -ldl -lcrypt -lm   -lc "
conftest.c: In function ‘t’:
conftest.c:4: error: ‘xmlSchemaSetParserStructuredErrors’ undeclared (first use in this function)
conftest.c:4: error: (Each undeclared identifier is reported only once
conftest.c:4: error: for each function it appears in.)
conftest.c: In function ‘main’:
conftest.c:5: warning: unused parameter ‘argv’
checked program was:
/* begin */
 1: #include "ruby.h"
 2: 
 3: /*top*/
 4: int t() { void ((*volatile p)()); p = (void ((*)()))xmlSchemaSetParserStructuredErrors; return 0; }
 5: int main(int argc, char **argv)
 6: {
 7:   if (argc > 1000000) {
 8:     printf("%p", &t);
 9:   }
10: 
11:   return 0;
12: }
/* end */

"gcc -o conftest -I/home/dentalde/.rvm/rubies/ruby-1.9.3-p429/include/ruby-1.9.1/x86_64-linux -I/home/dentalde/.rvm/rubies/ruby-1.9.3-p429/include/ruby-1.9.1/ruby/backward -I/home/dentalde/.rvm/rubies/ruby-1.9.3-p429/include/ruby-1.9.1 -I. -I/opt/local/include/libxml2 -I/usr/local/include/libxml2 -I/home/dentalde/.rvm/rubies/ruby-1.9.3-p429/include/libxml2 -I/opt/local/include -I/usr/local/include -I/home/dentalde/.rvm/rubies/ruby-1.9.3-p429/include -I/usr/include -I/usr/include/libxml2     -O3 -ggdb -Wall -Wextra -Wno-unused-parameter -Wno-parentheses -Wno-long-long -Wno-missing-field-initializers -Wpointer-arith -Wwrite-strings -Wdeclaration-after-statement -Wimplicit-function-declaration  -fPIC  -g -DXP_UNIX -O3 -Wall -Wcast-qual -Wwrite-strings -Wconversion -Wmissing-noreturn -Winline conftest.c  -L. -L/home/dentalde/.rvm/rubies/ruby-1.9.3-p429/lib -Wl,-R/home/dentalde/.rvm/rubies/ruby-1.9.3-p429/lib -L/opt/local/lib -Wl,-R/opt/local/lib -L/usr/local/lib -Wl,-R/usr/local/lib -L/home/dentalde/.rvm/rubies/ruby-1.9.3-p429/lib -Wl,-R/home/dentalde/.rvm/rubies/ruby-1.9.3-p429/lib -L/usr/lib -Wl,-R/usr/lib -L.  -rdynamic -Wl,-export-dynamic    -lexslt -lxslt -lxml2  -Wl,-R -Wl,/home/dentalde/.rvm/rubies/ruby-1.9.3-p429/lib -L/home/dentalde/.rvm/rubies/ruby-1.9.3-p429/lib -lruby -lexslt -lxslt -lxml2  -lpthread -lrt -ldl -lcrypt -lm   -lc "
conftest.c: In function ‘t’:
conftest.c:4: warning: implicit declaration of function ‘xmlSchemaSetParserStructuredErrors’
conftest.c: In function ‘main’:
conftest.c:5: warning: unused parameter ‘argv’
/usr/bin/ld: skipping incompatible /usr/lib/libxml2.so when searching for -lxml2
/usr/bin/ld: skipping incompatible /usr/lib/libxml2.a when searching for -lxml2
/usr/bin/ld: skipping incompatible /usr/lib/libxml2.so when searching for -lxml2
/usr/bin/ld: skipping incompatible /usr/lib/libxml2.a when searching for -lxml2
/usr/bin/ld: skipping incompatible /usr/lib/libpthread.so when searching for -lpthread
/usr/bin/ld: skipping incompatible /usr/lib/libpthread.a when searching for -lpthread
/usr/bin/ld: skipping incompatible /usr/lib/librt.so when searching for -lrt
/usr/bin/ld: skipping incompatible /usr/lib/librt.a when searching for -lrt
/usr/bin/ld: skipping incompatible /usr/lib/libdl.so when searching for -ldl
/usr/bin/ld: skipping incompatible /usr/lib/libdl.a when searching for -ldl
/usr/bin/ld: skipping incompatible /usr/lib/libcrypt.so when searching for -lcrypt
/usr/bin/ld: skipping incompatible /usr/lib/libcrypt.a when searching for -lcrypt
/usr/bin/ld: skipping incompatible /usr/lib/libm.so when searching for -lm
/usr/bin/ld: skipping incompatible /usr/lib/libm.a when searching for -lm
/usr/bin/ld: skipping incompatible /usr/lib/libc.so when searching for -lc
/usr/bin/ld: skipping incompatible /usr/lib/libc.a when searching for -lc
/usr/bin/ld: skipping incompatible /usr/lib/libc.so when searching for -lc
/usr/bin/ld: skipping incompatible /usr/lib/libc.a when searching for -lc
checked program was:
/* begin */
 1: #include "ruby.h"
 2: 
 3: /*top*/
 4: int t() { xmlSchemaSetParserStructuredErrors(); return 0; }
 5: int main(int argc, char **argv)
 6: {
 7:   if (argc > 1000000) {
 8:     printf("%p", &t);
 9:   }
10: 
11:   return 0;
12: }
/* end */

--------------------

